2024-07-10 15:14:25 [31mFATAL[39m: Este es un mensaje de log FATAL
2024-07-10 15:14:25 [33mERROR[39m: Este es un mensaje de log ERROR2024-07-30 16:39:26 [33mERROR[39m: 500 - Cast to ObjectId failed for value "Caja-de-Herramientas_1719418653133.jpeg" (type string) at path "_id" for model "products" - /products/Caja-de-Herramientas_1719418653133.jpeg - GET - ::1
2024-07-30 16:39:26 [33mERROR[39m: 500 - Cast to ObjectId failed for value "Caja-de-Herramientas_1719418895694.jpeg" (type string) at path "_id" for model "products" - /products/Caja-de-Herramientas_1719418895694.jpeg - GET - ::1
2024-07-30 16:40:42 [33mERROR[39m: 500 - Cast to ObjectId failed for value "Caja-de-Herramientas_1719243472650.jpeg" (type string) at path "_id" for model "products" - /products/Caja-de-Herramientas_1719243472650.jpeg - GET - ::1
2024-07-31 13:46:28 [33mERROR[39m: 401 - Invalid credentials - /api/sessions/login - POST - ::1
2024-07-31 13:47:09 [33mERROR[39m: 500 - E11000 duplicate key error collection: manantialesmarket.users index: phone_1 dup key: { phone: 3515921209.0 } - /api/sessions/register - POST - ::1
2024-07-31 15:13:13 [33mERROR[39m: 500 - carts_contact validation failed: seller_id: Cast to ObjectId failed for value "" (type string) at path "seller_id" because of "BSONError" - /api/cart-contact - POST - ::1
2024-07-31 15:13:16 [33mERROR[39m: 500 - carts_contact validation failed: seller_id: Cast to ObjectId failed for value "" (type string) at path "seller_id" because of "BSONError" - /api/cart-contact - POST - ::1
2024-07-31 15:13:17 [33mERROR[39m: 500 - carts_contact validation failed: seller_id: Cast to ObjectId failed for value "" (type string) at path "seller_id" because of "BSONError" - /api/cart-contact - POST - ::1
2024-08-30 17:25:35 [33mERROR[39m: 400 - Validation error: "Teléfono" debe ser un número de 10 dígitos. - /api/sessions/register - POST - ::1
2024-09-23 17:31:41 [33mERROR[39m: 500 - Cast to ObjectId failed for value "Entrecot-por-Kg...-_1726852586995.jpg" (type string) at path "_id" for model "products" - /products/Entrecot-por-Kg...-_1726852586995.jpg - GET - ::1
2024-09-23 17:31:41 [33mERROR[39m: 500 - Cast to ObjectId failed for value "Gorra-de-Starwars_1725373138131.jpg" (type string) at path "_id" for model "products" - /products/Gorra-de-Starwars_1725373138131.jpg - GET - ::1
2024-09-23 17:31:41 [33mERROR[39m: 500 - Cast to ObjectId failed for value "Muñeco-Baby-Yoda_1725373200823.jpg" (type string) at path "_id" for model "products" - /products/Mu%C3%B1eco-Baby-Yoda_1725373200823.jpg - GET - ::1
2024-09-23 17:31:41 [33mERROR[39m: 500 - Cast to ObjectId failed for value "Pelota-de-Futbol-5-de-Cuero_1725373063034.jpg" (type string) at path "_id" for model "products" - /products/Pelota-de-Futbol-5-de-Cuero_1725373063034.jpg - GET - ::1
2024-09-23 17:31:41 [33mERROR[39m: 500 - Cast to ObjectId failed for value "Termo-Stanley_1725372877571.jpg" (type string) at path "_id" for model "products" - /products/Termo-Stanley_1725372877571.jpg - GET - ::1
2024-09-23 17:31:56 [33mERROR[39m: 500 - Cast to ObjectId failed for value "Entrecot-por-Kg...-_1726852586995.jpg" (type string) at path "_id" for model "products" - /products/Entrecot-por-Kg...-_1726852586995.jpg - GET - ::1
2024-09-23 17:31:56 [33mERROR[39m: 500 - Cast to ObjectId failed for value "Muñeco-Baby-Yoda_1725373200823.jpg" (type string) at path "_id" for model "products" - /products/Mu%C3%B1eco-Baby-Yoda_1725373200823.jpg - GET - ::1
2024-09-23 17:31:56 [33mERROR[39m: 500 - Cast to ObjectId failed for value "Gorra-de-Starwars_1725373138131.jpg" (type string) at path "_id" for model "products" - /products/Gorra-de-Starwars_1725373138131.jpg - GET - ::1
2024-09-23 17:31:56 [33mERROR[39m: 500 - Cast to ObjectId failed for value "Pelota-de-Futbol-5-de-Cuero_1725373063034.jpg" (type string) at path "_id" for model "products" - /products/Pelota-de-Futbol-5-de-Cuero_1725373063034.jpg - GET - ::1
2024-09-23 17:31:56 [33mERROR[39m: 500 - Cast to ObjectId failed for value "Termo-Stanley_1725372877571.jpg" (type string) at path "_id" for model "products" - /products/Termo-Stanley_1725372877571.jpg - GET - ::1
2024-09-23 17:32:01 [33mERROR[39m: 500 - Cast to ObjectId failed for value "Muñeco-Baby-Yoda_1725373200823.jpg" (type string) at path "_id" for model "products" - /products/Mu%C3%B1eco-Baby-Yoda_1725373200823.jpg - GET - ::1
2024-09-23 17:40:58 [33mERROR[39m: 500 - Cast to ObjectId failed for value "Termo-Stanley_1725372877571.jpg" (type string) at path "_id" for model "products" - /products/Termo-Stanley_1725372877571.jpg - GET - ::1
2024-09-23 17:40:58 [33mERROR[39m: 500 - Cast to ObjectId failed for value "Pelota-de-Futbol-5-de-Cuero_1725373063034.jpg" (type string) at path "_id" for model "products" - /products/Pelota-de-Futbol-5-de-Cuero_1725373063034.jpg - GET - ::1
2024-09-23 17:40:58 [33mERROR[39m: 500 - Cast to ObjectId failed for value "Entrecot-por-Kg...-_1726852586995.jpg" (type string) at path "_id" for model "products" - /products/Entrecot-por-Kg...-_1726852586995.jpg - GET - ::1
2024-09-23 17:41:14 [33mERROR[39m: 500 - Cast to ObjectId failed for value "Muñeco-Baby-Yoda_1725373200823.jpg" (type string) at path "_id" for model "products" - /products/Mu%C3%B1eco-Baby-Yoda_1725373200823.jpg - GET - ::1
2024-09-23 17:41:28 [33mERROR[39m: 500 - Cast to ObjectId failed for value "Gorra-de-Starwars_1725373138131.jpg" (type string) at path "_id" for model "products" - /products/Gorra-de-Starwars_1725373138131.jpg - GET - ::1
2024-09-23 17:41:55 [33mERROR[39m: 500 - Cast to ObjectId failed for value "Muñeco-Baby-Yoda_1725373200823.jpg" (type string) at path "_id" for model "products" - /products/Mu%C3%B1eco-Baby-Yoda_1725373200823.jpg - GET - ::1
2024-09-23 17:41:55 [33mERROR[39m: 500 - Cast to ObjectId failed for value "Gorra-de-Starwars_1725373138131.jpg" (type string) at path "_id" for model "products" - /products/Gorra-de-Starwars_1725373138131.jpg - GET - ::1
2024-09-23 17:42:37 [33mERROR[39m: 500 - ENOENT: no such file or directory, open '/Users/juanconizza/Dropbox/GITANOS 2.0/Mundo Smart/Curso Coder House/Backend/desafioscoder/desafioscoder/public/img/products/Termo-Stanley_1727124157591.jpg' - /api/upload - POST - ::1
2024-09-23 17:42:46 [33mERROR[39m: 500 - ENOENT: no such file or directory, open '/Users/juanconizza/Dropbox/GITANOS 2.0/Mundo Smart/Curso Coder House/Backend/desafioscoder/desafioscoder/public/img/products/Termo-Stanley_1727124166236.jpg' - /api/upload - POST - ::1
2024-09-23 17:44:08 [33mERROR[39m: 500 - Cast to ObjectId failed for value "Muñeco-Baby-Yoda_1725373200823.jpg" (type string) at path "_id" for model "products" - /products/Mu%C3%B1eco-Baby-Yoda_1725373200823.jpg - GET - ::1
2024-09-23 17:44:08 [33mERROR[39m: 500 - Cast to ObjectId failed for value "Gorra-de-Starwars_1725373138131.jpg" (type string) at path "_id" for model "products" - /products/Gorra-de-Starwars_1725373138131.jpg - GET - ::1
2024-09-23 17:44:12 [33mERROR[39m: 500 - Cast to ObjectId failed for value "Muñeco-Baby-Yoda_1725373200823.jpg" (type string) at path "_id" for model "products" - /products/Mu%C3%B1eco-Baby-Yoda_1725373200823.jpg - GET - ::1
2024-09-23 17:44:12 [33mERROR[39m: 500 - Cast to ObjectId failed for value "Gorra-de-Starwars_1725373138131.jpg" (type string) at path "_id" for model "products" - /products/Gorra-de-Starwars_1725373138131.jpg - GET - ::1
2024-09-23 17:44:54 [33mERROR[39m: 500 - Cast to ObjectId failed for value "Termo-Stanley_1727124293782.jpg" (type string) at path "_id" for model "products" - /products/Termo-Stanley_1727124293782.jpg - GET - ::1
2024-09-23 17:44:54 [33mERROR[39m: 500 - Cast to ObjectId failed for value "Muñeco-Baby-Yoda_1725373200823.jpg" (type string) at path "_id" for model "products" - /products/Mu%C3%B1eco-Baby-Yoda_1725373200823.jpg - GET - ::1
2024-09-23 17:44:54 [33mERROR[39m: 500 - Cast to ObjectId failed for value "Gorra-de-Starwars_1725373138131.jpg" (type string) at path "_id" for model "products" - /products/Gorra-de-Starwars_1725373138131.jpg - GET - ::1
2024-09-23 17:45:02 [33mERROR[39m: 500 - Cast to ObjectId failed for value "Termo-Stanley_1727124293782.jpg" (type string) at path "_id" for model "products" - /products/Termo-Stanley_1727124293782.jpg - GET - ::1
2024-09-23 17:45:06 [33mERROR[39m: 500 - Cast to ObjectId failed for value "Termo-Stanley_1727124293782.jpg" (type string) at path "_id" for model "products" - /products/Termo-Stanley_1727124293782.jpg - GET - ::1
2024-09-23 17:45:50 [33mERROR[39m: 500 - Cast to ObjectId failed for value "Termo-Stanley_1727124293782.jpg" (type string) at path "_id" for model "products" - /products/Termo-Stanley_1727124293782.jpg - GET - ::1
2024-09-23 17:46:14 [33mERROR[39m: 500 - Cast to ObjectId failed for value "Termo-Stanley_1727124293782.jpg" (type string) at path "_id" for model "products" - /products/Termo-Stanley_1727124293782.jpg - GET - ::1
2024-09-23 17:46:41 [33mERROR[39m: 500 - Cast to ObjectId failed for value "Termo-Stanley_1727124293782.jpg" (type string) at path "_id" for model "products" - /products/Termo-Stanley_1727124293782.jpg - GET - ::1
2024-09-24 14:04:17 [33mERROR[39m: 500 - Cast to ObjectId failed for value "Muñeco-Baby-Yoda_1725373200823.jpg" (type string) at path "_id" for model "products" - /products/Mu%C3%B1eco-Baby-Yoda_1725373200823.jpg - GET - ::1
2024-09-24 14:04:20 [33mERROR[39m: 500 - Cast to ObjectId failed for value "Gorra-de-Starwars_1725373138131.jpg" (type string) at path "_id" for model "products" - /products/Gorra-de-Starwars_1725373138131.jpg - GET - ::1
2024-09-24 14:04:25 [33mERROR[39m: 500 - Cast to ObjectId failed for value "Termo-Stanley_1727124293782.jpg" (type string) at path "_id" for model "products" - /products/Termo-Stanley_1727124293782.jpg - GET - ::1
2024-09-24 14:07:00 [33mERROR[39m: 500 - Cast to ObjectId failed for value "Termo-Stanley_1727124293782.jpg" (type string) at path "_id" for model "products" - /products/Termo-Stanley_1727124293782.jpg - GET - ::1
2024-09-24 14:07:04 [33mERROR[39m: 500 - Cast to ObjectId failed for value "Termo-Stanley_1727124293782.jpg" (type string) at path "_id" for model "products" - /products/Termo-Stanley_1727124293782.jpg - GET - ::1
2024-09-24 14:07:13 [33mERROR[39m: 500 - Cast to ObjectId failed for value "Termo-Stanley_1727124293782.jpg" (type string) at path "_id" for model "products" - /products/Termo-Stanley_1727124293782.jpg - GET - ::1
2024-09-24 14:07:26 [33mERROR[39m: 500 - Cast to ObjectId failed for value "Termo-Stanley_1727124293782.jpg" (type string) at path "_id" for model "products" - /products/Termo-Stanley_1727124293782.jpg - GET - ::1
2024-09-24 14:07:26 [33mERROR[39m: 500 - Cast to ObjectId failed for value "Muñeco-Baby-Yoda_1725373200823.jpg" (type string) at path "_id" for model "products" - /products/Mu%C3%B1eco-Baby-Yoda_1725373200823.jpg - GET - ::1
2024-09-24 14:07:26 [33mERROR[39m: 500 - Cast to ObjectId failed for value "Gorra-de-Starwars_1725373138131.jpg" (type string) at path "_id" for model "products" - /products/Gorra-de-Starwars_1725373138131.jpg - GET - ::1
2024-09-24 14:09:45 [33mERROR[39m: 500 - Cast to ObjectId failed for value "Termo-Stanley_1727124293782.jpg" (type string) at path "_id" for model "products" - /products/Termo-Stanley_1727124293782.jpg - GET - ::1
2024-09-24 14:32:04 [33mERROR[39m: 500 - Cast to ObjectId failed for value "Termo-Stanley_1727124293782.jpg" (type string) at path "_id" for model "products" - /products/Termo-Stanley_1727124293782.jpg - GET - ::1
2024-09-24 14:32:49 [33mERROR[39m: 500 - Cast to ObjectId failed for value "Termo-Stanley_1727124293782.jpg" (type string) at path "_id" for model "products" - /products/Termo-Stanley_1727124293782.jpg - GET - ::1
2024-09-24 14:32:49 [33mERROR[39m: 500 - Cast to ObjectId failed for value "Muñeco-Baby-Yoda_1725373200823.jpg" (type string) at path "_id" for model "products" - /products/Mu%C3%B1eco-Baby-Yoda_1725373200823.jpg - GET - ::1
2024-09-24 14:32:49 [33mERROR[39m: 500 - Cast to ObjectId failed for value "Gorra-de-Starwars_1725373138131.jpg" (type string) at path "_id" for model "products" - /products/Gorra-de-Starwars_1725373138131.jpg - GET - ::1
2024-09-24 14:34:58 [33mERROR[39m: 401 - Invalid credentials - /api/sessions/login - POST - ::1
2024-09-24 14:35:02 [33mERROR[39m: 401 - Invalid credentials - /api/sessions/login - POST - ::1
2024-09-24 14:35:07 [33mERROR[39m: 401 - Invalid credentials - /api/sessions/login - POST - ::1
2024-09-24 14:37:31 [33mERROR[39m: 500 - Cast to ObjectId failed for value "Termo-Stanley_1727124293782.jpg" (type string) at path "_id" for model "products" - /products/Termo-Stanley_1727124293782.jpg - GET - ::1
2024-09-24 14:37:40 [33mERROR[39m: 500 - Cast to ObjectId failed for value "Termo-Stanley_1727124293782.jpg" (type string) at path "_id" for model "products" - /products/Termo-Stanley_1727124293782.jpg - GET - ::1
